<?xml version="1.0" encoding="UTF-8"?>
<!-- Generated by org.testng.reporters.JUnitReportReporter -->
<testsuite skipped="0" hostname="Zanpakuto" name="com.tests.searchProductByCategoryAndAddToCartTestRunner" tests="1" failures="0" timestamp="2020-03-16T17:32:47 IST" time="199.149" errors="0">
  <testcase name="login" time="199.149" classname="com.tests.searchProductByCategoryAndAddToCartTestRunner"/>
  <system-out/>
</testsuite> <!-- com.tests.searchProductByCategoryAndAddToCartTestRunner -->
